--------------------------------------------------------------------------------
Release 10.1 Trace  (lin64)
Copyright (c) 1995-2008 Xilinx, Inc.  All rights reserved.

/opt/Xilinx/10.1/ISE/bin/lin64/unwrapped/trce -ise
/home/liu/SJTU/VE270/lab/lab1/lab1.ise -intstyle ise -e 3 -s 4 -xml Circuit2
Circuit2.ncd -o Circuit2.twr Circuit2.pcf -ucf Circuit2.ucf

Design file:              Circuit2.ncd
Physical constraint file: Circuit2.pcf
Device,package,speed:     xc3s1200e,fg320,-4 (PRODUCTION 1.27 2008-01-09)
Report level:             error report

Environment Variable      Effect 
--------------------      ------ 
NONE                      No environment variables were set
--------------------------------------------------------------------------------

INFO:Timing:2698 - No timing constraints found, doing default enumeration.
INFO:Timing:2752 - To get complete path coverage, use the unconstrained paths 
   option. All paths that are not constrained will be reported in the 
   unconstrained paths section(s) of the report.
INFO:Timing:3339 - The clock-to-out numbers in this timing report are based on 
   a 50 Ohm transmission line loading model.  For the details of this model, 
   and for more information on accounting for different loading conditions, 
   please see the device datasheet.



Data Sheet report:
-----------------
All values displayed in nanoseconds (ns)

Pad to Pad
---------------+---------------+---------+
Source Pad     |Destination Pad|  Delay  |
---------------+---------------+---------+
A              |Carry          |   10.246|
A              |S              |   11.586|
B              |Carry          |    9.614|
B              |S              |   10.994|
C              |Carry          |    9.975|
C              |S              |   11.320|
---------------+---------------+---------+


Analysis completed Tue May 23 19:48:52 2017 
--------------------------------------------------------------------------------

Trace Settings:
-------------------------
Trace Settings 

Peak Memory Usage: 235 MB



